1iBmhebYjAT/X/EPsEZ6zw2Av5QBYmeXjCsXscJHPgJsVW3J2sTxVRiz3o+JPxqd8gbTfL4Of1KjkBKie6gtocfJzkuig4s5qlBm3i03+WI=
WRKi/6reI0ktLNlIFtbMlhHwceNAc3KpuDEXxJ2rN7XGfkhz0iuOF6vpSz6fdbfTwBWKeu40BPPQ8Jta8zM4+XM=
5u/7+TqNL4rOH986xcLdHiK+nk3M1/AvPWpaeLhSBhYdasflzft3bi5t9OcfuZ77YlYFf+w0tZTWwXcbNPLavMv58uo1fL0Lyynrvn81l9Og1Sr6DnQk87AwO9oTcxj5Uw==
nqd4CYwgA6Bpmn3tA3xeLPctNglVOD0TPIsWSdypi1QRI7M1QvbE406zandPkbdOUz1zkwRdRkrSDCDT9OiHSv87PPl3
/ToQvCGZWRhCKFexGqbFI/ctNglVOD0TPI8UR9ypi1QRI7M1QvbE406zandPkbdOUz1zkwRdRkrSDCDT9OiHSv87PPl3
iqbH+KednP6S7q63AM2njtG70I+EsA6KxURPr7Y22NeUzQh2D/EfrTqQ13YKqEeGwtMDn2bxLh372/6WXvQxOflw
vNOtNDP+TatYj8HzrKo7KbLacwjs7X1A3wefFunCBhaFQwBQf43hw4AZC0YNQc772hOhi9cSceNSg1MdNeCUzu+GkWIfYFWJH8v1KZBUv0La3M8ijPIL6bZFRtnb3xYizgB5HflU
YoZSmaiGS21hR6NtCdH8MEyw4Ck6nY5J/u3eNqDO4V26C54eW/SCPtMcbIjfz7636lcrtRL0toLFQ/kO
ZbvG+SLnMtgtbRg1fw9AeipraU//Zj6lqUwawml8GtT/D8fkicn8wgMg0vKb2Cmw5/uOm8JzC6kK4KaOzUf5cg==
djeb44600MJISQPkq07cDCxraUj/Zj6lqUwawml8GtT/D8fkicn8wgMg0vKb2C2x5/uOm8JzC6kK4KaOzUf5cg==
HKB/dcXz7klDrczgOQSIdEtGL5B+uCeYuKsXH5nwLWY7oJpUBaMYPld3QGarjGJGI2To8i+wXs8aL+vN4oxW+jU7+XY=
hufHpiLLGR4Ko+t83Ragz8r3ktPC+EzXkBYMvat/zJLE6yg5FaQSoCyQ13YKqEeGydMDmmbxLh372/6WXvQxOflw
5NG7B89i20//sy1igINTXwXkJrkHNi74/WJQz5iuc+TIDhw5iziJFKvpSz6fdbfZxBWOeu40BPPQ8Jta8zM4+XM=
aIESpRMmqJc+7qjZfiePLktGL5B+uCeYuKsXH5nwLWY7oJpUBaMYPld3QGarjGJGI2Tr9C+yXM8ZL+vN4oxW+jU7+XY=
+i175FaAjtRtlZjfUEAPME1GL5d+uCeYuKsXH5nwLWY7oJpUBaMYPld3QGarjGJGI2Tv8C+zXM8ZL+vN4oxW+jU7+XY=
naA1MoZonPd9PgOiT+IXXk1GL5d+uCeYuKsXH5nwLWY7oJpUBaMYPld3QGarjGJGI2Tv8C+8XM8ZL+vN4oxW+jU7+XY=
m49ZN7wVUlA+X5vf4W47uW/PpbsoOKDPQjlk9B+36QO5h6bP7+wvCvrUv/oJqfvilY3VYRunBuquiMlF+Qw=
oIIRALpJg8BWhUtleTVMaovi2o2etV3ayERYs7JFnIifyxF/Sftesw+Q13YKqEeGw9UDnmXxLR372/6WXvQxOflw
aFlBtbh3ytfiK/iFTH/dV6CniD9Y2PH+VkcKrr6DaOd/WzbTGd+ntwozmILkGTo7eNrfHX2FUdVq8f/2S/yidgN07uQPhJ2/+b9rXYJ8FsoVK/lm
t2+cnELuVPsrNYdd4kwbdK1hfGYSazwTOpxMQMuuwkYudu0/bL/W9UjsfldPkbdOUz1znQRdR0nSDyDT9OiHSv87PPl3
93X4i1ET3HWuoesEReagkAa51FJpQMK1ujhCGcAJG/nWtbV132m+YUg0uONydbyYn9sxT4mrvsOPIHemSlgnlsjH4++loY2teyueRh7EESn5YA==
NLupzWnQf03ul+lYUliHnDEnf2RX89GrdDc/y5aBfisRZNM9lnF9AQ/d1oXoUFBX4oE0HB9fubsZH1anL8QfEpos71KJASubdZXlSVtPdnIOMBkt+WQ=
ju9gE1Su+pSMzK4Fyhu5fALEkLF+BBin6CC5MxxCOD/+W+g45tBBKlDujCInf6br9N1a6HRHZbVlBpFp2TuvycTBQKuKgz6sVWLdLzb5fQ==
oqwrmfAuO2Dxcx1Q40+fBH0Dg+MsuC0rUi1FHX/B7pkIDGiLkl2MgJ/DAWdpw277z9gnDuow1w5JWpMHBQld1bsTzq5+7CEx+Xg=
YUcMKlCjzROSwqW4k7IvJZKn0cODoV3ayERYs7JFnIifyxF/Sftesw+Q13YKqEeGztIDn2XxLR372/6WXvQxOflw
P9Ydf4i+JSRQr0KlxAsJuIvi2o2etV3ayERYs7JFnIifyxF/Sftesw+Q13YKqEeGydMDnWXxLR372/6WXvQxOflw
ih6kLzDabeERNEAzJ4Hdp2G7KpEV7dcc5sEuN6WJ9Ad/EknH34WOHRgsrpVmRsgfrptYWHZQMYqArrzCN3+2i8QdCkiEx/VV1UZBSak4m6kRATALGgOOTAUiLQ8m+W0=
