fEGHQmrn3SQY7eajCr0FTQ2Av5QBYmeXjCsXscJHPgJsVW3J2sTxVRiz3o+JPxqd8gbTfL4Of1KjkBKie6gsoMfMzUuhg4s5qlBm3i03+WI=
buFEQxPy4YEWEtcggP0SGxHwceNAc3KpuDEXxJ2rN7XGfkhz0iuOF6vpSz6fdbfSwRWPee43BPPQ8Jta8zM4+XM=
xCE3Lrfrc1y5G++OAbQ/aSK+nk3M1/AvPWpaeLhSBhYdasflzft3bi5t9OcfuZ77YlYFf+w0tZTWwXcbNPLavMv58uo1fL0Lyynrvn81l9Kh1S/5Dnck87AwO9oTcxj5Uw==
5BrZ5JStVoTK5BaTW067gPctNglVOD0TPIsWSdypi1QRI7M1QvbE406zandPkbdOUz1zmwRdQ0nSDyDT9OiHSv87PPl3
kcN73jynUjTeeUgwok85VfctNglVOD0TPI8UR9ypi1QRI7M1QvbE406zandPkbdOUz1zmwRdQ0nSDyDT9OiHSv87PPl3
UoVx/d3hZN4kluWrF1g/udG70I+EsA6KxURPr7Y22NeUzQh2D/EfrTqQ13YKqEeGy9MDmmXxLR372/6WXvQxOflw
U+TSiB2yPuM06xytn81h+m/PpbsoOKDPQjlk9B+36QO5h6bP7+wvCvrUv/oCqvvnlY3VYRunBuquiMlF+Qw=
9DHC9TE/fVWxQeZdJ7VVAIvi2o2etV3ayERYs7JFnIifyxF/Sftesw+Q13YKqEeGydcDm2XxLR372/6WXvQxOflw
elNP05jsNi4UzU7eD1ACWZ1P2WdBjn0BuLUNDSWH0NvAQkkHAIWmhcMxhOaqu0QzMoykAGNeSub2BvU/dE+OVcCc1pcngb9uq23LG3uNeinaHwgTnFgPKicLJPlv
dfkukvGOFtvtuIEZpb877ALEkLF+BBin6CC5MxxCOD/+W+g45tBBKlDujCInf6br9N1a6HRHZbVlBpFp2TqpycDBQKuKgz6sVWLdLzb5fQ==
l6l28fi+vKKO0/PHRBbQ/Vo47Mk0EPX7WIJ8dzIrNIBCMCWy7H4AqqP/ImN4TeZwkCfBDTn23aEdeW2BDPEcU+6jGrSpctEnMvl5
MowpK24uIee6rJUhz/tT655P2WdBjn0BuLUNDSWH0NvAQkkHAIWmhcMxhOaqu0QzMoykAGNeSub2BvU/dE+OVcCc1pcngb9uq23LGXuNeinaHwgTnFgPKicLJPlv
SUvIHI7kkJQiO06lxic7JALEkLF+BBin6CC5MxxCOD/+W+g45tBBKlDujCInf6br9N1a6HRHZbVlBpFp2TmpycDBQKuKgz6sVWLdLzb5fQ==
2eFUx5jHs1ey0XVn7UuG21o47Mk0EPX7WIJ8dzIrNIBCMCWy7H4AqqP/ImN4TeZwkCfBDTn23aEdf22BDPEcU+6jGrSpctEnMvl5
JY0TZSOjtCS7rKmw6BoivJ9P2WdBjn0BuLUNDSWH0NvAQkkHAIWmhcMxhOaqu0QzMoykAGNeSub2BvU/dE+OVcCc1pcngb9uq23LH3uNeinaHwgTnFgPKicLJPlv
+xmD2FBYoM3E2nonucbT6ALEkLF+BBin6CC5MxxCOD/+W+g45tBBKlDujCInf6br9N1a6HRHZbVlBpFp2T+pycDBQKuKgz6sVWLdLzb5fQ==
4787Zl1qSKLTnhVyADk+tVo47Mk0EPX7WIJ8dzIrNIBCMCWy7H4AqqP/ImN4TeZwkCfBDTn23aEdfm2BDPEcU+6jGrSpctEnMvl5
I1N+ol66tD+M0NrBtDKhkp9P2WdBjn0BuLUNDSWH0NvAQkkHAIWmhcMxhOaqu0QzMoykAGNeSub2BvU/dE+OVcCc1pcngb9uq23LHnuNeinaHwgTnFgPKicLJPlv
16pyfI+2S+U6cXO16DShD1o47Mk0EPX7WIJ8dzIrNIBCMCWy7H4AqqP/ImN4TeZwkCfBDTn23aEdfW2BDPEcU+6jGrSpctEnMvl5
bT8STyj2d7sKBCK0Wx+nz5hP2WdBjn0BuLUNDSWH0NvAQkkHAIWmhcMxhOaqu0QzMoykAGNeSub2BvU/dE+OVcCc1pcngb9uq23LHXuNeinaHwgTnFgPKicLJPlv
ksg1tRntqjN83U/OtGXqAwLEkLF+BBin6CC5MxxCOD/+W+g45tBBKlDujCInf6br9N1a6HRHZbVlBpFp2TypycDBQKuKgz6sVWLdLzb5fQ==
flnKllWuMlnx2lQLjAFI3lo47Mk0EPX7WIJ8dzIrNIBCMCWy7H4AqqP/ImN4TeZwkCfBDTn23aEdc22BDPEcU+6jGrSpctEnMvl5
/hCxX40wTS26pqOq2yng9ZlP2WdBjn0BuLUNDSWH0NvAQkkHAIWmhcMxhOaqu0QzMoykAGNeSub2BvU/dE+OVcCc1pcngb9uq23LE3uNeinaHwgTnFgPKicLJPlv
Xz32aTSqCg+fdpybyPvncwLEkLF+BBin6CC5MxxCOD/+W+g45tBBKlDujCInf6br9N1a6HRHZbVlBpFp2TKpycDBQKuKgz6sVWLdLzb5fQ==
nwD8b/+o9e05Q/w1K4c/K1o47Mk0EPX7WIJ8dzIrNIBCMCWy7H4AqqP/ImN4TeZwkCfBDTn23aEde2yBDPEcU+6jGrSpctEnMvl5
36YrlASQdpZ8dup4PsEtE5pP2WdBjn0BuLUNDSWH0NvAQkkHAIWmhcMxhOaqu0QzMoykAGNeSub2BvU/dE+OVcCc1pcngb9uq23LG3qNeinaHwgTnFgPKicLJPlv
DiMua4JAphRCtTPMKaSL2wLEkLF+BBin6CC5MxxCOD/+W+g45tBBKlDujCInf6br9N1a6HRHZbVlBpFp2TqoycDBQKuKgz6sVWLdLzb5fQ==
AVYHLEem60kD/8OgBc4tD1o47Mk0EPX7WIJ8dzIrNIBCMCWy7H4AqqP/ImN4TeZwkCfBDTn23aEdfGyBDPEcU+6jGrSpctEnMvl5
SIjEfv0uCuxTQzzYMA6qNZtP2WdBjn0BuLUNDSWH0NvAQkkHAIWmhcMxhOaqu0QzMoykAGNeSub2BvU/dE+OVcCc1pcngb9uq23LHHqNeinaHwgTnFgPKicLJPlv
USB6zH8P1kLIG/o1GyQ/q1o47Mk0EPX7WIJ8dzIrNIBCMCWy7H4AqqP/ImN4TeZwkCfBDTn23aEdfmuBDPEcU+6jGrSpctEnMvl5
Iiw6yhqQWjwxGX/Y4vlSITEnf2RX89GrdDc/y5aBfisRZNM9lnF9AQ/d1oXoUFBX4oE0HB9fubsZH1anL8QfEpos71KKByufdZXlSVtPdnIOMBkt+WQ=
sgXEDtilT0gHF38ouiAh/b2l797RSbP02O4yBL9TW1BayL6VoiptJHnquPvMgH3D0kWVJR/Z3vHIpBgTMiVcqJ/r0R/JWx5TD7AXFooIB2bCtsM45RFtPfu7PjbeFHEZ+VA=
