The system is: Linux - 4.4.76-1-default - x86_64
Compiling the CUDA compiler identification source file "CMakeCUDACompilerId.cu" succeeded.
Compiler: /usr/local/cuda-9.1/bin/nvcc 
Build flags: 
Id flags:  -v;--keep;--keep-dir;tmp

The output was:
0
#$ _SPACE_= 
#$ _CUDART_=cudart
#$ _HERE_=/usr/local/cuda-9.1/bin
#$ _THERE_=/usr/local/cuda-9.1/bin
#$ _TARGET_SIZE_=
#$ _TARGET_DIR_=
#$ _TARGET_DIR_=targets/x86_64-linux
#$ TOP=/usr/local/cuda-9.1/bin/..
#$ NVVMIR_LIBRARY_DIR=/usr/local/cuda-9.1/bin/../nvvm/libdevice
#$ LD_LIBRARY_PATH=/usr/local/cuda-9.1/bin/../lib:/usr/local/cuda-9.1/lib64:
#$ PATH=/usr/local/cuda-9.1/bin/../nvvm/bin:/usr/local/cuda-9.1/bin:/usr/local/cuda-9.1/bin:/home/ip-712/bin:/usr/local/bin:/usr/bin:/bin:/root/anaconda3/bin:/usr/bin/X11:/usr/games
#$ INCLUDES="-I/usr/local/cuda-9.1/bin/../targets/x86_64-linux/include"  
#$ LIBRARIES=  "-L/usr/local/cuda-9.1/bin/../targets/x86_64-linux/lib/stubs" "-L/usr/local/cuda-9.1/bin/../targets/x86_64-linux/lib"
#$ CUDAFE_FLAGS=
#$ PTXAS_FLAGS=
#$ rm tmp/a_dlink.reg.c
#$ gcc -D__CUDA_ARCH__=300 -E -x c++  -DCUDA_DOUBLE_MATH_FUNCTIONS -D__CUDACC__ -D__NVCC__  "-I/usr/local/cuda-9.1/bin/../targets/x86_64-linux/include"   -D"__CUDACC_VER_BUILD__=85" -D"__CUDACC_VER_MINOR__=1" -D"__CUDACC_VER_MAJOR__=9" -include "cuda_runtime.h" -m64 "CMakeCUDACompilerId.cu" > "tmp/CMakeCUDACompilerId.cpp1.ii" 
#$ cicc --gnu_version=40805 --allow_managed   -arch compute_30 -m64 -ftz=0 -prec_div=1 -prec_sqrt=1 -fmad=1 --include_file_name "CMakeCUDACompilerId.fatbin.c" -tused -nvvmir-library "/usr/local/cuda-9.1/bin/../nvvm/libdevice/libdevice.10.bc" --gen_module_id_file --module_id_file_name "tmp/CMakeCUDACompilerId.module_id" --orig_src_file_name "CMakeCUDACompilerId.cu" --gen_c_file_name "tmp/CMakeCUDACompilerId.cudafe1.c" --stub_file_name "tmp/CMakeCUDACompilerId.cudafe1.stub.c" --gen_device_file_name "tmp/CMakeCUDACompilerId.cudafe1.gpu"  "tmp/CMakeCUDACompilerId.cpp1.ii" -o "tmp/CMakeCUDACompilerId.ptx"
#$ ptxas -arch=sm_30 -m64  "tmp/CMakeCUDACompilerId.ptx"  -o "tmp/CMakeCUDACompilerId.sm_30.cubin" 
#$ fatbinary --create="tmp/CMakeCUDACompilerId.fatbin" -64 "--image=profile=sm_30,file=tmp/CMakeCUDACompilerId.sm_30.cubin" "--image=profile=compute_30,file=tmp/CMakeCUDACompilerId.ptx" --embedded-fatbin="tmp/CMakeCUDACompilerId.fatbin.c" --cuda
#$ gcc -E -x c++ -D__CUDACC__ -D__NVCC__  "-I/usr/local/cuda-9.1/bin/../targets/x86_64-linux/include"   -D"__CUDACC_VER_BUILD__=85" -D"__CUDACC_VER_MINOR__=1" -D"__CUDACC_VER_MAJOR__=9" -include "cuda_runtime.h" -m64 "CMakeCUDACompilerId.cu" > "tmp/CMakeCUDACompilerId.cpp4.ii" 
#$ cudafe++ --gnu_version=40805 --allow_managed  --m64 --parse_templates --gen_c_file_name "tmp/CMakeCUDACompilerId.cudafe1.cpp" --stub_file_name "CMakeCUDACompilerId.cudafe1.stub.c" --module_id_file_name "tmp/CMakeCUDACompilerId.module_id" "tmp/CMakeCUDACompilerId.cpp4.ii" 
#$ gcc -D__CUDA_ARCH__=300 -c -x c++  -DCUDA_DOUBLE_MATH_FUNCTIONS "-I/usr/local/cuda-9.1/bin/../targets/x86_64-linux/include"   -m64 -o "tmp/CMakeCUDACompilerId.o" "tmp/CMakeCUDACompilerId.cudafe1.cpp" 
#$ nvlink --arch=sm_30 --register-link-binaries="tmp/a_dlink.reg.c"  -m64   "-L/usr/local/cuda-9.1/bin/../targets/x86_64-linux/lib/stubs" "-L/usr/local/cuda-9.1/bin/../targets/x86_64-linux/lib" -cpu-arch=X86_64 "tmp/CMakeCUDACompilerId.o"  -o "tmp/a_dlink.sm_30.cubin"
#$ fatbinary --create="tmp/a_dlink.fatbin" -64 -link "--image=profile=sm_30,file=tmp/a_dlink.sm_30.cubin" --embedded-fatbin="tmp/a_dlink.fatbin.c" 
#$ gcc -c -x c++ -DFATBINFILE="\"tmp/a_dlink.fatbin.c\"" -DREGISTERLINKBINARYFILE="\"tmp/a_dlink.reg.c\"" -I. -D__NV_EXTRA_INITIALIZATION= -D__NV_EXTRA_FINALIZATION=  "-I/usr/local/cuda-9.1/bin/../targets/x86_64-linux/include"   -D"__CUDACC_VER_BUILD__=85" -D"__CUDACC_VER_MINOR__=1" -D"__CUDACC_VER_MAJOR__=9" -m64 -o "tmp/a_dlink.o" "/usr/local/cuda-9.1/bin/crt/link.stub" 
#$ g++ -m64 -o "a.out" -Wl,--start-group "tmp/a_dlink.o" "tmp/CMakeCUDACompilerId.o"   "-L/usr/local/cuda-9.1/bin/../targets/x86_64-linux/lib/stubs" "-L/usr/local/cuda-9.1/bin/../targets/x86_64-linux/lib" -lcudadevrt  -lcudart_static  -lrt -lpthread  -ldl  -Wl,--end-group 


Compilation of the CUDA compiler identification source "CMakeCUDACompilerId.cu" produced "a.out"

The CUDA compiler identification is NVIDIA, found in "/tmp/tmp.eSW4Qsjvwt/cmake-build-debug/CMakeFiles/3.13.4/CompilerIdCUDA/a.out"

Parsed CUDA nvcc implicit link information from above output:
  found 'PATH=' string: [/usr/local/cuda-9.1/bin/../nvvm/bin:/usr/local/cuda-9.1/bin:/usr/local/cuda-9.1/bin:/home/ip-712/bin:/usr/local/bin:/usr/bin:/bin:/root/anaconda3/bin:/usr/bin/X11:/usr/games]
  found 'LIBRARIES=' string: ["-L/usr/local/cuda-9.1/bin/../targets/x86_64-linux/lib/stubs" "-L/usr/local/cuda-9.1/bin/../targets/x86_64-linux/lib"]
  considering line: [#$ rm tmp/a_dlink.reg.c]
  considering line: [gcc -D__CUDA_ARCH__=300 -E -x c++  -DCUDA_DOUBLE_MATH_FUNCTIONS -D__CUDACC__ -D__NVCC__  "-I/usr/local/cuda-9.1/bin/../targets/x86_64-linux/include"   -D"__CUDACC_VER_BUILD__=85" -D"__CUDACC_VER_MINOR__=1" -D"__CUDACC_VER_MAJOR__=9" -include "cuda_runtime.h" -m64 "CMakeCUDACompilerId.cu" > "tmp/CMakeCUDACompilerId.cpp1.ii" ]
  considering line: [cicc --gnu_version=40805 --allow_managed   -arch compute_30 -m64 -ftz=0 -prec_div=1 -prec_sqrt=1 -fmad=1 --include_file_name "CMakeCUDACompilerId.fatbin.c" -tused -nvvmir-library "/usr/local/cuda-9.1/bin/../nvvm/libdevice/libdevice.10.bc" --gen_module_id_file --module_id_file_name "tmp/CMakeCUDACompilerId.module_id" --orig_src_file_name "CMakeCUDACompilerId.cu" --gen_c_file_name "tmp/CMakeCUDACompilerId.cudafe1.c" --stub_file_name "tmp/CMakeCUDACompilerId.cudafe1.stub.c" --gen_device_file_name "tmp/CMakeCUDACompilerId.cudafe1.gpu"  "tmp/CMakeCUDACompilerId.cpp1.ii" -o "tmp/CMakeCUDACompilerId.ptx"]
  considering line: [ptxas -arch=sm_30 -m64  "tmp/CMakeCUDACompilerId.ptx"  -o "tmp/CMakeCUDACompilerId.sm_30.cubin" ]
  considering line: [fatbinary --create="tmp/CMakeCUDACompilerId.fatbin" -64 "--image=profile=sm_30,file=tmp/CMakeCUDACompilerId.sm_30.cubin" "--image=profile=compute_30,file=tmp/CMakeCUDACompilerId.ptx" --embedded-fatbin="tmp/CMakeCUDACompilerId.fatbin.c" --cuda]
  considering line: [gcc -E -x c++ -D__CUDACC__ -D__NVCC__  "-I/usr/local/cuda-9.1/bin/../targets/x86_64-linux/include"   -D"__CUDACC_VER_BUILD__=85" -D"__CUDACC_VER_MINOR__=1" -D"__CUDACC_VER_MAJOR__=9" -include "cuda_runtime.h" -m64 "CMakeCUDACompilerId.cu" > "tmp/CMakeCUDACompilerId.cpp4.ii" ]
  considering line: [cudafe++ --gnu_version=40805 --allow_managed  --m64 --parse_templates --gen_c_file_name "tmp/CMakeCUDACompilerId.cudafe1.cpp" --stub_file_name "CMakeCUDACompilerId.cudafe1.stub.c" --module_id_file_name "tmp/CMakeCUDACompilerId.module_id" "tmp/CMakeCUDACompilerId.cpp4.ii" ]
  considering line: [gcc -D__CUDA_ARCH__=300 -c -x c++  -DCUDA_DOUBLE_MATH_FUNCTIONS "-I/usr/local/cuda-9.1/bin/../targets/x86_64-linux/include"   -m64 -o "tmp/CMakeCUDACompilerId.o" "tmp/CMakeCUDACompilerId.cudafe1.cpp" ]
  considering line: [nvlink --arch=sm_30 --register-link-binaries="tmp/a_dlink.reg.c"  -m64   "-L/usr/local/cuda-9.1/bin/../targets/x86_64-linux/lib/stubs" "-L/usr/local/cuda-9.1/bin/../targets/x86_64-linux/lib" -cpu-arch=X86_64 "tmp/CMakeCUDACompilerId.o"  -o "tmp/a_dlink.sm_30.cubin"]
    ignoring nvlink line
  considering line: [fatbinary --create="tmp/a_dlink.fatbin" -64 -link "--image=profile=sm_30,file=tmp/a_dlink.sm_30.cubin" --embedded-fatbin="tmp/a_dlink.fatbin.c" ]
  considering line: [gcc -c -x c++ -DFATBINFILE="\"tmp/a_dlink.fatbin.c\"" -DREGISTERLINKBINARYFILE="\"tmp/a_dlink.reg.c\"" -I. -D__NV_EXTRA_INITIALIZATION= -D__NV_EXTRA_FINALIZATION=  "-I/usr/local/cuda-9.1/bin/../targets/x86_64-linux/include"   -D"__CUDACC_VER_BUILD__=85" -D"__CUDACC_VER_MINOR__=1" -D"__CUDACC_VER_MAJOR__=9" -m64 -o "tmp/a_dlink.o" "/usr/local/cuda-9.1/bin/crt/link.stub" ]
  considering line: [g++ -m64 -o "a.out" -Wl,--start-group "tmp/a_dlink.o" "tmp/CMakeCUDACompilerId.o"   "-L/usr/local/cuda-9.1/bin/../targets/x86_64-linux/lib/stubs" "-L/usr/local/cuda-9.1/bin/../targets/x86_64-linux/lib" -lcudadevrt  -lcudart_static  -lrt -lpthread  -ldl  -Wl,--end-group ]
    extracted link line: [g++ -m64 -o "a.out" -Wl,--start-group "tmp/a_dlink.o" "tmp/CMakeCUDACompilerId.o"   "-L/usr/local/cuda-9.1/bin/../targets/x86_64-linux/lib/stubs" "-L/usr/local/cuda-9.1/bin/../targets/x86_64-linux/lib" -lcudadevrt  -lcudart_static  -lrt -lpthread  -ldl  -Wl,--end-group ]
  considering line: []
  extracted link launcher name: [g++]
  found link launcher absolute path: [/usr/bin/g++]

  link line regex: [^( *|.*[/\])(ld|CMAKE_LINK_STARTFILE-NOTFOUND|([^/\]+-)?ld|collect2)[^/\]*( |$)]
  link line: [cuda-fake-ld g++ -m64 -o "a.out" -Wl,--start-group "tmp/a_dlink.o" "tmp/CMakeCUDACompilerId.o"   "-L/usr/local/cuda-9.1/bin/../targets/x86_64-linux/lib/stubs" "-L/usr/local/cuda-9.1/bin/../targets/x86_64-linux/lib" -lcudadevrt  -lcudart_static  -lrt -lpthread  -ldl  -Wl,--end-group ]
    arg [cuda-fake-ld] ==> ignore
    arg [g++] ==> ignore
    arg [-m64] ==> ignore
    arg [-o] ==> ignore
    arg [a.out] ==> ignore
    arg [-Wl,--start-group] ==> ignore
    arg [tmp/a_dlink.o] ==> ignore
    arg [tmp/CMakeCUDACompilerId.o] ==> ignore
    arg [-L/usr/local/cuda-9.1/bin/../targets/x86_64-linux/lib/stubs] ==> dir [/usr/local/cuda-9.1/bin/../targets/x86_64-linux/lib/stubs]
    arg [-L/usr/local/cuda-9.1/bin/../targets/x86_64-linux/lib] ==> dir [/usr/local/cuda-9.1/bin/../targets/x86_64-linux/lib]
    arg [-lcudadevrt] ==> lib [cudadevrt]
    arg [-lcudart_static] ==> lib [cudart_static]
    arg [-lrt] ==> lib [rt]
    arg [-lpthread] ==> lib [pthread]
    arg [-ldl] ==> lib [dl]
    arg [-Wl,--end-group] ==> ignore
  collapse library dir [/usr/local/cuda-9.1/bin/../targets/x86_64-linux/lib/stubs] ==> [/usr/local/cuda-9.1/targets/x86_64-linux/lib/stubs]
  collapse library dir [/usr/local/cuda-9.1/bin/../targets/x86_64-linux/lib] ==> [/usr/local/cuda-9.1/targets/x86_64-linux/lib]
  implicit libs: [cudadevrt;cudart_static;rt;pthread;dl]
  implicit dirs: [/usr/local/cuda-9.1/targets/x86_64-linux/lib/stubs;/usr/local/cuda-9.1/targets/x86_64-linux/lib]
  implicit fwks: []


Parsed CUDA nvcc include information from above output:
  found 'PATH=' string: [/usr/local/cuda-9.1/bin/../nvvm/bin:/usr/local/cuda-9.1/bin:/usr/local/cuda-9.1/bin:/home/ip-712/bin:/usr/local/bin:/usr/bin:/bin:/root/anaconda3/bin:/usr/bin/X11:/usr/games]
  found 'LIBRARIES=' string: ["-L/usr/local/cuda-9.1/bin/../targets/x86_64-linux/lib/stubs" "-L/usr/local/cuda-9.1/bin/../targets/x86_64-linux/lib"]
  considering line: [#$ rm tmp/a_dlink.reg.c]
  considering line: [gcc -D__CUDA_ARCH__=300 -E -x c++  -DCUDA_DOUBLE_MATH_FUNCTIONS -D__CUDACC__ -D__NVCC__  "-I/usr/local/cuda-9.1/bin/../targets/x86_64-linux/include"   -D"__CUDACC_VER_BUILD__=85" -D"__CUDACC_VER_MINOR__=1" -D"__CUDACC_VER_MAJOR__=9" -include "cuda_runtime.h" -m64 "CMakeCUDACompilerId.cu" > "tmp/CMakeCUDACompilerId.cpp1.ii" ]
  considering line: [cicc --gnu_version=40805 --allow_managed   -arch compute_30 -m64 -ftz=0 -prec_div=1 -prec_sqrt=1 -fmad=1 --include_file_name "CMakeCUDACompilerId.fatbin.c" -tused -nvvmir-library "/usr/local/cuda-9.1/bin/../nvvm/libdevice/libdevice.10.bc" --gen_module_id_file --module_id_file_name "tmp/CMakeCUDACompilerId.module_id" --orig_src_file_name "CMakeCUDACompilerId.cu" --gen_c_file_name "tmp/CMakeCUDACompilerId.cudafe1.c" --stub_file_name "tmp/CMakeCUDACompilerId.cudafe1.stub.c" --gen_device_file_name "tmp/CMakeCUDACompilerId.cudafe1.gpu"  "tmp/CMakeCUDACompilerId.cpp1.ii" -o "tmp/CMakeCUDACompilerId.ptx"]
  considering line: [ptxas -arch=sm_30 -m64  "tmp/CMakeCUDACompilerId.ptx"  -o "tmp/CMakeCUDACompilerId.sm_30.cubin" ]
  considering line: [fatbinary --create="tmp/CMakeCUDACompilerId.fatbin" -64 "--image=profile=sm_30,file=tmp/CMakeCUDACompilerId.sm_30.cubin" "--image=profile=compute_30,file=tmp/CMakeCUDACompilerId.ptx" --embedded-fatbin="tmp/CMakeCUDACompilerId.fatbin.c" --cuda]
  considering line: [gcc -E -x c++ -D__CUDACC__ -D__NVCC__  "-I/usr/local/cuda-9.1/bin/../targets/x86_64-linux/include"   -D"__CUDACC_VER_BUILD__=85" -D"__CUDACC_VER_MINOR__=1" -D"__CUDACC_VER_MAJOR__=9" -include "cuda_runtime.h" -m64 "CMakeCUDACompilerId.cu" > "tmp/CMakeCUDACompilerId.cpp4.ii" ]
  considering line: [cudafe++ --gnu_version=40805 --allow_managed  --m64 --parse_templates --gen_c_file_name "tmp/CMakeCUDACompilerId.cudafe1.cpp" --stub_file_name "CMakeCUDACompilerId.cudafe1.stub.c" --module_id_file_name "tmp/CMakeCUDACompilerId.module_id" "tmp/CMakeCUDACompilerId.cpp4.ii" ]
  considering line: [gcc -D__CUDA_ARCH__=300 -c -x c++  -DCUDA_DOUBLE_MATH_FUNCTIONS "-I/usr/local/cuda-9.1/bin/../targets/x86_64-linux/include"   -m64 -o "tmp/CMakeCUDACompilerId.o" "tmp/CMakeCUDACompilerId.cudafe1.cpp" ]
  considering line: [nvlink --arch=sm_30 --register-link-binaries="tmp/a_dlink.reg.c"  -m64   "-L/usr/local/cuda-9.1/bin/../targets/x86_64-linux/lib/stubs" "-L/usr/local/cuda-9.1/bin/../targets/x86_64-linux/lib" -cpu-arch=X86_64 "tmp/CMakeCUDACompilerId.o"  -o "tmp/a_dlink.sm_30.cubin"]
    ignoring nvlink line
  considering line: [fatbinary --create="tmp/a_dlink.fatbin" -64 -link "--image=profile=sm_30,file=tmp/a_dlink.sm_30.cubin" --embedded-fatbin="tmp/a_dlink.fatbin.c" ]
  considering line: [gcc -c -x c++ -DFATBINFILE="\"tmp/a_dlink.fatbin.c\"" -DREGISTERLINKBINARYFILE="\"tmp/a_dlink.reg.c\"" -I. -D__NV_EXTRA_INITIALIZATION= -D__NV_EXTRA_FINALIZATION=  "-I/usr/local/cuda-9.1/bin/../targets/x86_64-linux/include"   -D"__CUDACC_VER_BUILD__=85" -D"__CUDACC_VER_MINOR__=1" -D"__CUDACC_VER_MAJOR__=9" -m64 -o "tmp/a_dlink.o" "/usr/local/cuda-9.1/bin/crt/link.stub" ]
  considering line: [g++ -m64 -o "a.out" -Wl,--start-group "tmp/a_dlink.o" "tmp/CMakeCUDACompilerId.o"   "-L/usr/local/cuda-9.1/bin/../targets/x86_64-linux/lib/stubs" "-L/usr/local/cuda-9.1/bin/../targets/x86_64-linux/lib" -lcudadevrt  -lcudart_static  -lrt -lpthread  -ldl  -Wl,--end-group ]
    extracted link line: [g++ -m64 -o "a.out" -Wl,--start-group "tmp/a_dlink.o" "tmp/CMakeCUDACompilerId.o"   "-L/usr/local/cuda-9.1/bin/../targets/x86_64-linux/lib/stubs" "-L/usr/local/cuda-9.1/bin/../targets/x86_64-linux/lib" -lcudadevrt  -lcudart_static  -lrt -lpthread  -ldl  -Wl,--end-group ]
  considering line: []
  extracted link launcher name: [g++]
  found link launcher absolute path: [/usr/bin/g++]
  found 'INCLUDES=' string: ["-I/usr/local/cuda-9.1/bin/../targets/x86_64-linux/include"  ]

  link line regex: [^( *|.*[/\])(ld|CMAKE_LINK_STARTFILE-NOTFOUND|([^/\]+-)?ld|collect2)[^/\]*( |$)]
  link line: [cuda-fake-ld g++ -m64 -o "a.out" -Wl,--start-group "tmp/a_dlink.o" "tmp/CMakeCUDACompilerId.o"   "-L/usr/local/cuda-9.1/bin/../targets/x86_64-linux/lib/stubs" "-L/usr/local/cuda-9.1/bin/../targets/x86_64-linux/lib" -lcudadevrt  -lcudart_static  -lrt -lpthread  -ldl  -Wl,--end-group ]
    arg [cuda-fake-ld] ==> ignore
    arg [g++] ==> ignore
    arg [-m64] ==> ignore
    arg [-o] ==> ignore
    arg [a.out] ==> ignore
    arg [-Wl,--start-group] ==> ignore
    arg [tmp/a_dlink.o] ==> ignore
    arg [tmp/CMakeCUDACompilerId.o] ==> ignore
    arg [-L/usr/local/cuda-9.1/bin/../targets/x86_64-linux/lib/stubs] ==> dir [/usr/local/cuda-9.1/bin/../targets/x86_64-linux/lib/stubs]
    arg [-L/usr/local/cuda-9.1/bin/../targets/x86_64-linux/lib] ==> dir [/usr/local/cuda-9.1/bin/../targets/x86_64-linux/lib]
    arg [-lcudadevrt] ==> lib [cudadevrt]
    arg [-lcudart_static] ==> lib [cudart_static]
    arg [-lrt] ==> lib [rt]
    arg [-lpthread] ==> lib [pthread]
    arg [-ldl] ==> lib [dl]
    arg [-Wl,--end-group] ==> ignore
  collapse library dir [/usr/local/cuda-9.1/bin/../targets/x86_64-linux/lib/stubs] ==> [/usr/local/cuda-9.1/targets/x86_64-linux/lib/stubs]
  collapse library dir [/usr/local/cuda-9.1/bin/../targets/x86_64-linux/lib] ==> [/usr/local/cuda-9.1/targets/x86_64-linux/lib]
  implicit libs: [cudadevrt;cudart_static;rt;pthread;dl]
  implicit dirs: [/usr/local/cuda-9.1/targets/x86_64-linux/lib/stubs;/usr/local/cuda-9.1/targets/x86_64-linux/lib]
  implicit fwks: []


Determining if the CUDA compiler works passed with the following output:
Change Dir: /tmp/tmp.eSW4Qsjvwt/cmake-build-debug/CMakeFiles/CMakeTmp

Run Build Command:"/usr/bin/gmake" "cmTC_c5e61/fast"
/usr/bin/gmake -f CMakeFiles/cmTC_c5e61.dir/build.make CMakeFiles/cmTC_c5e61.dir/build
gmake[1]: Entering directory '/tmp/tmp.eSW4Qsjvwt/cmake-build-debug/CMakeFiles/CMakeTmp'
Building CUDA object CMakeFiles/cmTC_c5e61.dir/main.cu.o
/usr/local/cuda-9.1/bin/nvcc     -x cu -c /tmp/tmp.eSW4Qsjvwt/cmake-build-debug/CMakeFiles/CMakeTmp/main.cu -o CMakeFiles/cmTC_c5e61.dir/main.cu.o
Linking CUDA device code CMakeFiles/cmTC_c5e61.dir/cmake_device_link.o
/usr/local/bin/cmake -E cmake_link_script CMakeFiles/cmTC_c5e61.dir/dlink.txt --verbose=1
/usr/local/cuda-9.1/bin/nvcc    -Xcompiler=-fPIC -Wno-deprecated-gpu-targets -shared -dlink CMakeFiles/cmTC_c5e61.dir/main.cu.o -o CMakeFiles/cmTC_c5e61.dir/cmake_device_link.o 
Linking CUDA executable cmTC_c5e61
/usr/local/bin/cmake -E cmake_link_script CMakeFiles/cmTC_c5e61.dir/link.txt --verbose=1
/usr/bin/g++   CMakeFiles/cmTC_c5e61.dir/main.cu.o CMakeFiles/cmTC_c5e61.dir/cmake_device_link.o -o cmTC_c5e61  -L"/usr/local/cuda-9.1/targets/x86_64-linux/lib/stubs" -L"/usr/local/cuda-9.1/targets/x86_64-linux/lib" -lcudadevrt -lcudart_static -lrt -lpthread -ldl
gmake[1]: Leaving directory '/tmp/tmp.eSW4Qsjvwt/cmake-build-debug/CMakeFiles/CMakeTmp'


Detecting CUDA compiler ABI info compiled with the following output:
Change Dir: /tmp/tmp.eSW4Qsjvwt/cmake-build-debug/CMakeFiles/CMakeTmp

Run Build Command:"/usr/bin/gmake" "cmTC_cc241/fast"
/usr/bin/gmake -f CMakeFiles/cmTC_cc241.dir/build.make CMakeFiles/cmTC_cc241.dir/build
gmake[1]: Entering directory '/tmp/tmp.eSW4Qsjvwt/cmake-build-debug/CMakeFiles/CMakeTmp'
Building CUDA object CMakeFiles/cmTC_cc241.dir/CMakeCUDACompilerABI.cu.o
/usr/local/cuda-9.1/bin/nvcc     -x cu -c /usr/local/share/cmake-3.13/Modules/CMakeCUDACompilerABI.cu -o CMakeFiles/cmTC_cc241.dir/CMakeCUDACompilerABI.cu.o
Linking CUDA device code CMakeFiles/cmTC_cc241.dir/cmake_device_link.o
/usr/local/bin/cmake -E cmake_link_script CMakeFiles/cmTC_cc241.dir/dlink.txt --verbose=1
/usr/local/cuda-9.1/bin/nvcc    -Xcompiler=-fPIC -Wno-deprecated-gpu-targets -shared -dlink CMakeFiles/cmTC_cc241.dir/CMakeCUDACompilerABI.cu.o -o CMakeFiles/cmTC_cc241.dir/cmake_device_link.o 
Linking CUDA executable cmTC_cc241
/usr/local/bin/cmake -E cmake_link_script CMakeFiles/cmTC_cc241.dir/link.txt --verbose=1
/usr/bin/g++  -v CMakeFiles/cmTC_cc241.dir/CMakeCUDACompilerABI.cu.o CMakeFiles/cmTC_cc241.dir/cmake_device_link.o -o cmTC_cc241  -L"/usr/local/cuda-9.1/targets/x86_64-linux/lib/stubs" -L"/usr/local/cuda-9.1/targets/x86_64-linux/lib" -lcudadevrt -lcudart_static -lrt -lpthread -ldl
Using built-in specs.
COLLECT_GCC=/usr/bin/g++
COLLECT_LTO_WRAPPER=/usr/lib64/gcc/x86_64-suse-linux/4.8/lto-wrapper
Target: x86_64-suse-linux
Configured with: ../configure --prefix=/usr --infodir=/usr/share/info --mandir=/usr/share/man --libdir=/usr/lib64 --libexecdir=/usr/lib64 --enable-languages=c,c++,objc,fortran,obj-c++,java,ada --enable-checking=release --with-gxx-include-dir=/usr/include/c++/4.8 --enable-ssp --disable-libssp --disable-plugin --with-bugurl=http://bugs.opensuse.org/ --with-pkgversion='SUSE Linux' --disable-libgcj --disable-libmudflap --with-slibdir=/lib64 --with-system-zlib --enable-__cxa_atexit --enable-libstdcxx-allocator=new --disable-libstdcxx-pch --enable-version-specific-runtime-libs --enable-linker-build-id --enable-linux-futex --program-suffix=-4.8 --without-system-libunwind --with-arch-32=i586 --with-tune=generic --build=x86_64-suse-linux --host=x86_64-suse-linux
Thread model: posix
gcc version 4.8.5 (SUSE Linux) 
COMPILER_PATH=/usr/lib64/gcc/x86_64-suse-linux/4.8/:/usr/lib64/gcc/x86_64-suse-linux/4.8/:/usr/lib64/gcc/x86_64-suse-linux/:/usr/lib64/gcc/x86_64-suse-linux/4.8/:/usr/lib64/gcc/x86_64-suse-linux/:/usr/lib64/gcc/x86_64-suse-linux/4.8/../../../../x86_64-suse-linux/bin/
LIBRARY_PATH=/usr/lib64/gcc/x86_64-suse-linux/4.8/:/usr/lib64/gcc/x86_64-suse-linux/4.8/../../../../lib64/:/lib/../lib64/:/usr/lib/../lib64/:/usr/lib64/gcc/x86_64-suse-linux/4.8/../../../../x86_64-suse-linux/lib/:/usr/lib64/gcc/x86_64-suse-linux/4.8/../../../:/lib/:/usr/lib/
COLLECT_GCC_OPTIONS='-v' '-o' 'cmTC_cc241' '-L/usr/local/cuda-9.1/targets/x86_64-linux/lib/stubs' '-L/usr/local/cuda-9.1/targets/x86_64-linux/lib' '-shared-libgcc' '-mtune=generic' '-march=x86-64'
 /usr/lib64/gcc/x86_64-suse-linux/4.8/collect2 --build-id --eh-frame-hdr -m elf_x86_64 -dynamic-linker /lib64/ld-linux-x86-64.so.2 -o cmTC_cc241 /usr/lib64/gcc/x86_64-suse-linux/4.8/../../../../lib64/crt1.o /usr/lib64/gcc/x86_64-suse-linux/4.8/../../../../lib64/crti.o /usr/lib64/gcc/x86_64-suse-linux/4.8/crtbegin.o -L/usr/local/cuda-9.1/targets/x86_64-linux/lib/stubs -L/usr/local/cuda-9.1/targets/x86_64-linux/lib -L/usr/lib64/gcc/x86_64-suse-linux/4.8 -L/usr/lib64/gcc/x86_64-suse-linux/4.8/../../../../lib64 -L/lib/../lib64 -L/usr/lib/../lib64 -L/usr/lib64/gcc/x86_64-suse-linux/4.8/../../../../x86_64-suse-linux/lib -L/usr/lib64/gcc/x86_64-suse-linux/4.8/../../.. CMakeFiles/cmTC_cc241.dir/CMakeCUDACompilerABI.cu.o CMakeFiles/cmTC_cc241.dir/cmake_device_link.o -lcudadevrt -lcudart_static -lrt -lpthread -ldl -lstdc++ -lm -lgcc_s -lgcc -lc -lgcc_s -lgcc /usr/lib64/gcc/x86_64-suse-linux/4.8/crtend.o /usr/lib64/gcc/x86_64-suse-linux/4.8/../../../../lib64/crtn.o
gmake[1]: Leaving directory '/tmp/tmp.eSW4Qsjvwt/cmake-build-debug/CMakeFiles/CMakeTmp'


Parsed CUDA implicit link information from above output:
  link line regex: [^( *|.*[/\])(ld|CMAKE_LINK_STARTFILE-NOTFOUND|([^/\]+-)?ld|collect2)[^/\]*( |$)]
  ignore line: [Change Dir: /tmp/tmp.eSW4Qsjvwt/cmake-build-debug/CMakeFiles/CMakeTmp]
  ignore line: []
  ignore line: [Run Build Command:"/usr/bin/gmake" "cmTC_cc241/fast"]
  ignore line: [/usr/bin/gmake -f CMakeFiles/cmTC_cc241.dir/build.make CMakeFiles/cmTC_cc241.dir/build]
  ignore line: [gmake[1]: Entering directory '/tmp/tmp.eSW4Qsjvwt/cmake-build-debug/CMakeFiles/CMakeTmp']
  ignore line: [Building CUDA object CMakeFiles/cmTC_cc241.dir/CMakeCUDACompilerABI.cu.o]
  ignore line: [/usr/local/cuda-9.1/bin/nvcc     -x cu -c /usr/local/share/cmake-3.13/Modules/CMakeCUDACompilerABI.cu -o CMakeFiles/cmTC_cc241.dir/CMakeCUDACompilerABI.cu.o]
  ignore line: [Linking CUDA device code CMakeFiles/cmTC_cc241.dir/cmake_device_link.o]
  ignore line: [/usr/local/bin/cmake -E cmake_link_script CMakeFiles/cmTC_cc241.dir/dlink.txt --verbose=1]
  ignore line: [/usr/local/cuda-9.1/bin/nvcc    -Xcompiler=-fPIC -Wno-deprecated-gpu-targets -shared -dlink CMakeFiles/cmTC_cc241.dir/CMakeCUDACompilerABI.cu.o -o CMakeFiles/cmTC_cc241.dir/cmake_device_link.o ]
  ignore line: [Linking CUDA executable cmTC_cc241]
  ignore line: [/usr/local/bin/cmake -E cmake_link_script CMakeFiles/cmTC_cc241.dir/link.txt --verbose=1]
  ignore line: [/usr/bin/g++  -v CMakeFiles/cmTC_cc241.dir/CMakeCUDACompilerABI.cu.o CMakeFiles/cmTC_cc241.dir/cmake_device_link.o -o cmTC_cc241  -L"/usr/local/cuda-9.1/targets/x86_64-linux/lib/stubs" -L"/usr/local/cuda-9.1/targets/x86_64-linux/lib" -lcudadevrt -lcudart_static -lrt -lpthread -ldl]
  ignore line: [Using built-in specs.]
  ignore line: [COLLECT_GCC=/usr/bin/g++]
  ignore line: [COLLECT_LTO_WRAPPER=/usr/lib64/gcc/x86_64-suse-linux/4.8/lto-wrapper]
  ignore line: [Target: x86_64-suse-linux]
  ignore line: [Configured with: ../configure --prefix=/usr --infodir=/usr/share/info --mandir=/usr/share/man --libdir=/usr/lib64 --libexecdir=/usr/lib64 --enable-languages=c,c++,objc,fortran,obj-c++,java,ada --enable-checking=release --with-gxx-include-dir=/usr/include/c++/4.8 --enable-ssp --disable-libssp --disable-plugin --with-bugurl=http://bugs.opensuse.org/ --with-pkgversion='SUSE Linux' --disable-libgcj --disable-libmudflap --with-slibdir=/lib64 --with-system-zlib --enable-__cxa_atexit --enable-libstdcxx-allocator=new --disable-libstdcxx-pch --enable-version-specific-runtime-libs --enable-linker-build-id --enable-linux-futex --program-suffix=-4.8 --without-system-libunwind --with-arch-32=i586 --with-tune=generic --build=x86_64-suse-linux --host=x86_64-suse-linux]
  ignore line: [Thread model: posix]
  ignore line: [gcc version 4.8.5 (SUSE Linux) ]
  ignore line: [COMPILER_PATH=/usr/lib64/gcc/x86_64-suse-linux/4.8/:/usr/lib64/gcc/x86_64-suse-linux/4.8/:/usr/lib64/gcc/x86_64-suse-linux/:/usr/lib64/gcc/x86_64-suse-linux/4.8/:/usr/lib64/gcc/x86_64-suse-linux/:/usr/lib64/gcc/x86_64-suse-linux/4.8/../../../../x86_64-suse-linux/bin/]
  ignore line: [LIBRARY_PATH=/usr/lib64/gcc/x86_64-suse-linux/4.8/:/usr/lib64/gcc/x86_64-suse-linux/4.8/../../../../lib64/:/lib/../lib64/:/usr/lib/../lib64/:/usr/lib64/gcc/x86_64-suse-linux/4.8/../../../../x86_64-suse-linux/lib/:/usr/lib64/gcc/x86_64-suse-linux/4.8/../../../:/lib/:/usr/lib/]
  ignore line: [COLLECT_GCC_OPTIONS='-v' '-o' 'cmTC_cc241' '-L/usr/local/cuda-9.1/targets/x86_64-linux/lib/stubs' '-L/usr/local/cuda-9.1/targets/x86_64-linux/lib' '-shared-libgcc' '-mtune=generic' '-march=x86-64']
  link line: [ /usr/lib64/gcc/x86_64-suse-linux/4.8/collect2 --build-id --eh-frame-hdr -m elf_x86_64 -dynamic-linker /lib64/ld-linux-x86-64.so.2 -o cmTC_cc241 /usr/lib64/gcc/x86_64-suse-linux/4.8/../../../../lib64/crt1.o /usr/lib64/gcc/x86_64-suse-linux/4.8/../../../../lib64/crti.o /usr/lib64/gcc/x86_64-suse-linux/4.8/crtbegin.o -L/usr/local/cuda-9.1/targets/x86_64-linux/lib/stubs -L/usr/local/cuda-9.1/targets/x86_64-linux/lib -L/usr/lib64/gcc/x86_64-suse-linux/4.8 -L/usr/lib64/gcc/x86_64-suse-linux/4.8/../../../../lib64 -L/lib/../lib64 -L/usr/lib/../lib64 -L/usr/lib64/gcc/x86_64-suse-linux/4.8/../../../../x86_64-suse-linux/lib -L/usr/lib64/gcc/x86_64-suse-linux/4.8/../../.. CMakeFiles/cmTC_cc241.dir/CMakeCUDACompilerABI.cu.o CMakeFiles/cmTC_cc241.dir/cmake_device_link.o -lcudadevrt -lcudart_static -lrt -lpthread -ldl -lstdc++ -lm -lgcc_s -lgcc -lc -lgcc_s -lgcc /usr/lib64/gcc/x86_64-suse-linux/4.8/crtend.o /usr/lib64/gcc/x86_64-suse-linux/4.8/../../../../lib64/crtn.o]
    arg [/usr/lib64/gcc/x86_64-suse-linux/4.8/collect2] ==> ignore
    arg [--build-id] ==> ignore
    arg [--eh-frame-hdr] ==> ignore
    arg [-m] ==> ignore
    arg [elf_x86_64] ==> ignore
    arg [-dynamic-linker] ==> ignore
    arg [/lib64/ld-linux-x86-64.so.2] ==> ignore
    arg [-o] ==> ignore
    arg [cmTC_cc241] ==> ignore
    arg [/usr/lib64/gcc/x86_64-suse-linux/4.8/../../../../lib64/crt1.o] ==> ignore
    arg [/usr/lib64/gcc/x86_64-suse-linux/4.8/../../../../lib64/crti.o] ==> ignore
    arg [/usr/lib64/gcc/x86_64-suse-linux/4.8/crtbegin.o] ==> ignore
    arg [-L/usr/local/cuda-9.1/targets/x86_64-linux/lib/stubs] ==> dir [/usr/local/cuda-9.1/targets/x86_64-linux/lib/stubs]
    arg [-L/usr/local/cuda-9.1/targets/x86_64-linux/lib] ==> dir [/usr/local/cuda-9.1/targets/x86_64-linux/lib]
    arg [-L/usr/lib64/gcc/x86_64-suse-linux/4.8] ==> dir [/usr/lib64/gcc/x86_64-suse-linux/4.8]
    arg [-L/usr/lib64/gcc/x86_64-suse-linux/4.8/../../../../lib64] ==> dir [/usr/lib64/gcc/x86_64-suse-linux/4.8/../../../../lib64]
    arg [-L/lib/../lib64] ==> dir [/lib/../lib64]
    arg [-L/usr/lib/../lib64] ==> dir [/usr/lib/../lib64]
    arg [-L/usr/lib64/gcc/x86_64-suse-linux/4.8/../../../../x86_64-suse-linux/lib] ==> dir [/usr/lib64/gcc/x86_64-suse-linux/4.8/../../../../x86_64-suse-linux/lib]
    arg [-L/usr/lib64/gcc/x86_64-suse-linux/4.8/../../..] ==> dir [/usr/lib64/gcc/x86_64-suse-linux/4.8/../../..]
    arg [CMakeFiles/cmTC_cc241.dir/CMakeCUDACompilerABI.cu.o] ==> ignore
    arg [CMakeFiles/cmTC_cc241.dir/cmake_device_link.o] ==> ignore
    arg [-lcudadevrt] ==> lib [cudadevrt]
    arg [-lcudart_static] ==> lib [cudart_static]
    arg [-lrt] ==> lib [rt]
    arg [-lpthread] ==> lib [pthread]
    arg [-ldl] ==> lib [dl]
    arg [-lstdc++] ==> lib [stdc++]
    arg [-lm] ==> lib [m]
    arg [-lgcc_s] ==> lib [gcc_s]
    arg [-lgcc] ==> lib [gcc]
    arg [-lc] ==> lib [c]
    arg [-lgcc_s] ==> lib [gcc_s]
    arg [-lgcc] ==> lib [gcc]
    arg [/usr/lib64/gcc/x86_64-suse-linux/4.8/crtend.o] ==> ignore
    arg [/usr/lib64/gcc/x86_64-suse-linux/4.8/../../../../lib64/crtn.o] ==> ignore
  collapse library dir [/usr/local/cuda-9.1/targets/x86_64-linux/lib/stubs] ==> [/usr/local/cuda-9.1/targets/x86_64-linux/lib/stubs]
  collapse library dir [/usr/local/cuda-9.1/targets/x86_64-linux/lib] ==> [/usr/local/cuda-9.1/targets/x86_64-linux/lib]
  collapse library dir [/usr/lib64/gcc/x86_64-suse-linux/4.8] ==> [/usr/lib64/gcc/x86_64-suse-linux/4.8]
  collapse library dir [/usr/lib64/gcc/x86_64-suse-linux/4.8/../../../../lib64] ==> [/usr/lib64]
  collapse library dir [/lib/../lib64] ==> [/lib64]
  collapse library dir [/usr/lib/../lib64] ==> [/usr/lib64]
  collapse library dir [/usr/lib64/gcc/x86_64-suse-linux/4.8/../../../../x86_64-suse-linux/lib] ==> [/usr/x86_64-suse-linux/lib]
  collapse library dir [/usr/lib64/gcc/x86_64-suse-linux/4.8/../../..] ==> [/usr/lib64]
  implicit libs: [cudadevrt;cudart_static;rt;pthread;dl;stdc++;m;gcc_s;gcc;c;gcc_s;gcc]
  implicit dirs: [/usr/local/cuda-9.1/targets/x86_64-linux/lib/stubs;/usr/local/cuda-9.1/targets/x86_64-linux/lib;/usr/lib64/gcc/x86_64-suse-linux/4.8;/usr/lib64;/lib64;/usr/x86_64-suse-linux/lib]
  implicit fwks: []


