Source.obj : error LNK2001: неразрешенный внешний символ "__imp____glewUseProgram"
Source.obj : error LNK2001: неразрешенный внешний символ "__imp____glewCompileShader"
Source.obj : error LNK2001: неразрешенный внешний символ "__imp____glewCreateShader"
Source.obj : error LNK2001: неразрешенный внешний символ "__imp____glewBindBuffer"
Source.obj : error LNK2001: неразрешенный внешний символ "__imp____glewCreateProgram"
Source.obj : error LNK2001: неразрешенный внешний символ "_glfwTerminate"
Source.obj : error LNK2001: неразрешенный внешний символ "_glfwInit"
Source.obj : error LNK2001: неразрешенный внешний символ "__imp____glewDispatchCompute"
Source.obj : error LNK2001: неразрешенный внешний символ "_glfwCreateWindow"
Source.obj : error LNK2001: неразрешенный внешний символ "__imp____glewUnmapBuffer"
Source.obj : error LNK2001: неразрешенный внешний символ "_glfwWindowHint"
Source.obj : error LNK2001: неразрешенный внешний символ "_glfwMakeContextCurrent"
Source.obj : error LNK2001: неразрешенный внешний символ "__imp____glewBufferData"
Source.obj : error LNK2001: неразрешенный внешний символ "__imp____glewAttachShader"
Source.obj : error LNK2001: неразрешенный внешний символ "__imp____glewDeleteProgram"
Source.obj : error LNK2001: неразрешенный внешний символ "__imp____glewShaderSource"
Source.obj : error LNK2001: неразрешенный внешний символ "__imp____glewMapBuffer"
Source.obj : error LNK2001: неразрешенный внешний символ "__imp____glewBindBufferBase"
Source.obj : error LNK2001: неразрешенный внешний символ "__imp__glewExperimental"
Source.obj : error LNK2001: неразрешенный внешний символ "__imp____glewGenBuffers"
Source.obj : error LNK2001: неразрешенный внешний символ "__imp____glewLinkProgram"
Source.obj : error LNK2001: неразрешенный внешний символ "__imp__glewInit@0"
Source.obj : error LNK2001: неразрешенный внешний символ "__imp____glewMemoryBarrier"
Source.obj : error LNK2001: неразрешенный внешний символ "__imp__glGetError@0"
Source.obj : error LNK2001: неразрешенный внешний символ "__imp____glewDeleteBuffers"
C:\Users\stepa\repos2\gpu\rgr_3_2\Release\rgr_3_2.exe : fatal error LNK1120: неразрешенных внешних элементов: 25
